{"numTotalTestSuites":42,"numPassedTestSuites":40,"numFailedTestSuites":2,"numPendingTestSuites":0,"numTotalTests":70,"numPassedTests":69,"numFailedTests":1,"numPendingTests":0,"numTodoTests":0,"snapshot":{"added":0,"failure":false,"filesAdded":0,"filesRemoved":0,"filesRemovedList":[],"filesUnmatched":0,"filesUpdated":0,"matched":0,"total":0,"unchecked":0,"uncheckedKeysByFile":[],"unmatched":0,"updated":0,"didUpdate":false},"startTime":1783695678187,"success":false,"testResults":[{"assertionResults":[{"ancestorTitles":["AttendanceList.vue"],"fullName":"AttendanceList.vue renders title","status":"passed","title":"renders title","duration":87.58800000000019,"failureMessages":[],"meta":{},"tags":[]},{"ancestorTitles":["AttendanceList.vue"],"fullName":"AttendanceList.vue renders add button","status":"passed","title":"renders add button","duration":8.447999999999865,"failureMessages":[],"meta":{},"tags":[]},{"ancestorTitles":["AttendanceList.vue"],"fullName":"AttendanceList.vue calls list API","status":"passed","title":"calls list API","duration":6.768199999999979,"failureMessages":[],"meta":{},"tags":[]},{"ancestorTitles":["AttendanceList.vue"],"fullName":"AttendanceList.vue add opens dialog","status":"passed","title":"add opens dialog","duration":43.30130000000054,"failureMessages":[],"meta":{},"tags":[]}],"startTime":1783695693543,"endTime":1783695693689.3013,"status":"passed","message":"","name":"D:/codegitee/educational-administration/admin-web/src/__tests__/AttendanceList.test.ts"},{"assertionResults":[{"ancestorTitles":["ClassList.vue"],"fullName":"ClassList.vue renders title","status":"passed","title":"renders title","duration":105.10280000000057,"failureMessages":[],"meta":{},"tags":[]},{"ancestorTitles":["ClassList.vue"],"fullName":"ClassList.vue renders add button","status":"passed","title":"renders add button","duration":33.3757999999998,"failureMessages":[],"meta":{},"tags":[]},{"ancestorTitles":["ClassList.vue"],"fullName":"ClassList.vue calls list API","status":"passed","title":"calls list API","duration":14.476699999999255,"failureMessages":[],"meta":{},"tags":[]},{"ancestorTitles":["ClassList.vue"],"fullName":"ClassList.vue add opens dialog","status":"passed","title":"add opens dialog","duration":59.86410000000069,"failureMessages":[],"meta":{},"tags":[]}],"startTime":1783695689308,"endTime":1783695689521.864,"status":"passed","message":"","name":"D:/codegitee/educational-administration/admin-web/src/__tests__/ClassList.test.ts"},{"assertionResults":[{"ancestorTitles":["ClassroomList.vue"],"fullName":"ClassroomList.vue renders title","status":"passed","title":"renders title","duration":59.52779999999984,"failureMessages":[],"meta":{},"tags":[]},{"ancestorTitles":["ClassroomList.vue"],"fullName":"ClassroomList.vue renders add button","status":"passed","title":"renders add button","duration":7.764799999999923,"failureMessages":[],"meta":{},"tags":[]},{"ancestorTitles":["ClassroomList.vue"],"fullName":"ClassroomList.vue calls list API","status":"passed","title":"calls list API","duration":6.783100000000104,"failureMessages":[],"meta":{},"tags":[]}],"startTime":1783695693605,"endTime":1783695693679.7832,"status":"passed","message":"","name":"D:/codegitee/educational-administration/admin-web/src/__tests__/ClassroomList.test.ts"},{"assertionResults":[{"ancestorTitles":["CourseList.vue"],"fullName":"CourseList.vue renders title","status":"passed","title":"renders title","duration":95.54759999999987,"failureMessages":[],"meta":{},"tags":[]},{"ancestorTitles":["CourseList.vue"],"fullName":"CourseList.vue renders add button","status":"passed","title":"renders add button","duration":32.9359000000004,"failureMessages":[],"meta":{},"tags":[]},{"ancestorTitles":["CourseList.vue"],"fullName":"CourseList.vue calls list API","status":"passed","title":"calls list API","duration":9.898699999999735,"failureMessages":[],"meta":{},"tags":[]},{"ancestorTitles":["CourseList.vue"],"fullName":"CourseList.vue add opens dialog","status":"passed","title":"add opens dialog","duration":72.89970000000085,"failureMessages":[],"meta":{},"tags":[]}],"startTime":1783695689318,"endTime":1783695689528.8997,"status":"passed","message":"","name":"D:/codegitee/educational-administration/admin-web/src/__tests__/CourseList.test.ts"},{"assertionResults":[{"ancestorTitles":["Dashboard.vue"],"fullName":"Dashboard.vue renders title","status":"passed","title":"renders title","duration":124.91780000000108,"failureMessages":[],"meta":{},"tags":[]},{"ancestorTitles":["Dashboard.vue"],"fullName":"Dashboard.vue renders stat card labels","status":"passed","title":"renders stat card labels","duration":18.398699999999735,"failureMessages":[],"meta":{},"tags":[]},{"ancestorTitles":["Dashboard.vue"],"fullName":"Dashboard.vue renders export buttons","status":"passed","title":"renders export buttons","duration":14.195200000000114,"failureMessages":[],"meta":{},"tags":[]},{"ancestorTitles":["Dashboard.vue"],"fullName":"Dashboard.vue calls dashboard API","status":"passed","title":"calls dashboard API","duration":13.522000000000844,"failureMessages":[],"meta":{},"tags":[]}],"startTime":1783695689381,"endTime":1783695689552.522,"status":"passed","message":"","name":"D:/codegitee/educational-administration/admin-web/src/__tests__/Dashboard.test.ts"},{"assertionResults":[{"ancestorTitles":["EnrollmentList.vue"],"fullName":"EnrollmentList.vue renders enrollment audit page","status":"passed","title":"renders enrollment audit page","duration":33.689000000000306,"failureMessages":[],"meta":{},"tags":[]},{"ancestorTitles":["EnrollmentList.vue"],"fullName":"EnrollmentList.vue calls enrollmentApi.list on mount","status":"passed","title":"calls enrollmentApi.list on mount","duration":4.983400000000074,"failureMessages":[],"meta":{},"tags":[]}],"startTime":1783695693827,"endTime":1783695693865.9834,"status":"passed","message":"","name":"D:/codegitee/educational-administration/admin-web/src/__tests__/EnrollmentList.test.ts"},{"assertionResults":[{"ancestorTitles":["ExamList.vue"],"fullName":"ExamList.vue renders title","status":"passed","title":"renders title","duration":136.1247000000003,"failureMessages":[],"meta":{},"tags":[]},{"ancestorTitles":["ExamList.vue"],"fullName":"ExamList.vue calls levels API","status":"passed","title":"calls levels API","duration":34.5020999999997,"failureMessages":[],"meta":{},"tags":[]},{"ancestorTitles":["ExamList.vue"],"fullName":"ExamList.vue renders add buttons","status":"passed","title":"renders add buttons","duration":12.579400000000533,"failureMessages":[],"meta":{},"tags":[]}],"startTime":1783695689303,"endTime":1783695689487.5793,"status":"passed","message":"","name":"D:/codegitee/educational-administration/admin-web/src/__tests__/ExamList.test.ts"},{"assertionResults":[{"ancestorTitles":["LessonAccountList.vue"],"fullName":"LessonAccountList.vue renders title","status":"passed","title":"renders title","duration":69.95940000000019,"failureMessages":[],"meta":{},"tags":[]},{"ancestorTitles":["LessonAccountList.vue"],"fullName":"LessonAccountList.vue calls list API","status":"passed","title":"calls list API","duration":6.055400000000191,"failureMessages":[],"meta":{},"tags":[]}],"startTime":1783695691909,"endTime":1783695691985.0554,"status":"passed","message":"","name":"D:/codegitee/educational-administration/admin-web/src/__tests__/LessonAccountList.test.ts"},{"assertionResults":[{"ancestorTitles":["LessonFlowList.vue"],"fullName":"LessonFlowList.vue renders title","status":"passed","title":"renders title","duration":40.22539999999981,"failureMessages":[],"meta":{},"tags":[]},{"ancestorTitles":["LessonFlowList.vue"],"fullName":"LessonFlowList.vue calls list API","status":"passed","title":"calls list API","duration":6.608700000000226,"failureMessages":[],"meta":{},"tags":[]}],"startTime":1783695681207,"endTime":1783695681253.6086,"status":"passed","message":"","name":"D:/codegitee/educational-administration/admin-web/src/__tests__/LessonFlowList.test.ts"},{"assertionResults":[{"ancestorTitles":["Login.vue"],"fullName":"Login.vue renders title","status":"passed","title":"renders title","duration":156.1131000000005,"failureMessages":[],"meta":{},"tags":[]},{"ancestorTitles":["Login.vue"],"fullName":"Login.vue renders login button","status":"passed","title":"renders login button","duration":15.919799999999668,"failureMessages":[],"meta":{},"tags":[]},{"ancestorTitles":["Login.vue"],"fullName":"Login.vue renders demo account hint","status":"passed","title":"renders demo account hint","duration":12.71900000000096,"failureMessages":[],"meta":{},"tags":[]},{"ancestorTitles":["Login.vue"],"fullName":"Login.vue renders inputs","status":"passed","title":"renders inputs","duration":34.34469999999965,"failureMessages":[],"meta":{},"tags":[]}],"startTime":1783695689310,"endTime":1783695689530.3447,"status":"passed","message":"","name":"D:/codegitee/educational-administration/admin-web/src/__tests__/Login.test.ts"},{"assertionResults":[{"ancestorTitles":["MenuManagement.vue"],"fullName":"MenuManagement.vue renders description","status":"passed","title":"renders description","duration":70.66309999999976,"failureMessages":[],"meta":{},"tags":[]},{"ancestorTitles":["MenuManagement.vue"],"fullName":"MenuManagement.vue renders add button","status":"passed","title":"renders add button","duration":8.804900000000089,"failureMessages":[],"meta":{},"tags":[]},{"ancestorTitles":["MenuManagement.vue"],"fullName":"MenuManagement.vue calls menuApi.tree","status":"passed","title":"calls menuApi.tree","duration":6.975900000000365,"failureMessages":[],"meta":{},"tags":[]},{"ancestorTitles":["MenuManagement.vue"],"fullName":"MenuManagement.vue add opens dialog","status":"passed","title":"add opens dialog","duration":55.01670000000013,"failureMessages":[],"meta":{},"tags":[]}],"startTime":1783695693591,"endTime":1783695693733.0166,"status":"passed","message":"","name":"D:/codegitee/educational-administration/admin-web/src/__tests__/MenuManagement.test.ts"},{"assertionResults":[{"ancestorTitles":["NoticeList.vue"],"fullName":"NoticeList.vue renders title","status":"passed","title":"renders title","duration":137.35260000000017,"failureMessages":[],"meta":{},"tags":[]},{"ancestorTitles":["NoticeList.vue"],"fullName":"NoticeList.vue renders publish button","status":"passed","title":"renders publish button","duration":9.27560000000085,"failureMessages":[],"meta":{},"tags":[]},{"ancestorTitles":["NoticeList.vue"],"fullName":"NoticeList.vue calls list API","status":"passed","title":"calls list API","duration":7.078000000001339,"failureMessages":[],"meta":{},"tags":[]},{"ancestorTitles":["NoticeList.vue"],"fullName":"NoticeList.vue publish opens dialog","status":"passed","title":"publish opens dialog","duration":63.94750000000022,"failureMessages":[],"meta":{},"tags":[]}],"startTime":1783695689305,"endTime":1783695689523.9475,"status":"passed","message":"","name":"D:/codegitee/educational-administration/admin-web/src/__tests__/NoticeList.test.ts"},{"assertionResults":[{"ancestorTitles":["OperationLogs.vue"],"fullName":"OperationLogs.vue renders title","status":"passed","title":"renders title","duration":38.17489999999998,"failureMessages":[],"meta":{},"tags":[]},{"ancestorTitles":["OperationLogs.vue"],"fullName":"OperationLogs.vue calls list API","status":"passed","title":"calls list API","duration":5.027599999999893,"failureMessages":[],"meta":{},"tags":[]}],"startTime":1783695693843,"endTime":1783695693886.0276,"status":"passed","message":"","name":"D:/codegitee/educational-administration/admin-web/src/__tests__/OperationLogs.test.ts"},{"assertionResults":[{"ancestorTitles":["Organization.vue"],"fullName":"Organization.vue renders title","status":"passed","title":"renders title","duration":127.58810000000085,"failureMessages":[],"meta":{},"tags":[]},{"ancestorTitles":["Organization.vue"],"fullName":"Organization.vue renders form labels","status":"passed","title":"renders form labels","duration":11.879000000000815,"failureMessages":[],"meta":{},"tags":[]},{"ancestorTitles":["Organization.vue"],"fullName":"Organization.vue renders save button","status":"passed","title":"renders save button","duration":21.768999999998414,"failureMessages":[],"meta":{},"tags":[]}],"startTime":1783695689321,"endTime":1783695689484.769,"status":"passed","message":"","name":"D:/codegitee/educational-administration/admin-web/src/__tests__/Organization.test.ts"},{"assertionResults":[{"ancestorTitles":["PaymentList.vue"],"fullName":"PaymentList.vue renders title","status":"passed","title":"renders title","duration":61.828700000000026,"failureMessages":[],"meta":{},"tags":[]},{"ancestorTitles":["PaymentList.vue"],"fullName":"PaymentList.vue renders add button","status":"passed","title":"renders add button","duration":9.03729999999996,"failureMessages":[],"meta":{},"tags":[]},{"ancestorTitles":["PaymentList.vue"],"fullName":"PaymentList.vue calls list API","status":"passed","title":"calls list API","duration":7.005000000000109,"failureMessages":[],"meta":{},"tags":[]},{"ancestorTitles":["PaymentList.vue"],"fullName":"PaymentList.vue add opens dialog","status":"passed","title":"add opens dialog","duration":39.13209999999981,"failureMessages":[],"meta":{},"tags":[]}],"startTime":1783695693672,"endTime":1783695693789.132,"status":"passed","message":"","name":"D:/codegitee/educational-administration/admin-web/src/__tests__/PaymentList.test.ts"},{"assertionResults":[{"ancestorTitles":["RefundList.vue"],"fullName":"RefundList.vue renders title","status":"passed","title":"renders title","duration":73.12530000000015,"failureMessages":[],"meta":{},"tags":[]},{"ancestorTitles":["RefundList.vue"],"fullName":"RefundList.vue renders add button","status":"passed","title":"renders add button","duration":9.482899999999972,"failureMessages":[],"meta":{},"tags":[]},{"ancestorTitles":["RefundList.vue"],"fullName":"RefundList.vue calls list API","status":"passed","title":"calls list API","duration":7.045000000000073,"failureMessages":[],"meta":{},"tags":[]},{"ancestorTitles":["RefundList.vue"],"fullName":"RefundList.vue add opens dialog","status":"passed","title":"add opens dialog","duration":50.55639999999994,"failureMessages":[],"meta":{},"tags":[]}],"startTime":1783695693413,"endTime":1783695693552.5564,"status":"passed","message":"","name":"D:/codegitee/educational-administration/admin-web/src/__tests__/RefundList.test.ts"},{"assertionResults":[{"ancestorTitles":["RoleList.vue"],"fullName":"RoleList.vue mounts without error and calls roleApi.list","status":"failed","title":"mounts without error and calls roleApi.list","duration":111.29939999999988,"failureMessages":["AssertionError: expected \"vi.fn()\" to be called at least once\n    at Proxy.<anonymous> (file:///D:/codegitee/educational-administration/admin-web/node_modules/@vitest/expect/dist/index.js:1467:10)\n    at Proxy.<anonymous> (file:///D:/codegitee/educational-administration/admin-web/node_modules/@vitest/expect/dist/index.js:1156:15)\n    at Proxy.methodWrapper (file:///D:/codegitee/educational-administration/admin-web/node_modules/chai/index.js:1700:25)\n    at D:/codegitee/educational-administration/admin-web/src/__tests__/RoleList.test.ts:27:37\n    at file:///D:/codegitee/educational-administration/admin-web/node_modules/@vitest/runner/dist/chunk-artifact.js:302:11\n    at file:///D:/codegitee/educational-administration/admin-web/node_modules/@vitest/runner/dist/chunk-artifact.js:1903:26\n    at file:///D:/codegitee/educational-administration/admin-web/node_modules/@vitest/runner/dist/chunk-artifact.js:2326:20\n    at new Promise (<anonymous>)\n    at runWithCancel (file:///D:/codegitee/educational-administration/admin-web/node_modules/@vitest/runner/dist/chunk-artifact.js:2323:10)\n    at file:///D:/codegitee/educational-administration/admin-web/node_modules/@vitest/runner/dist/chunk-artifact.js:2305:20"],"meta":{},"tags":[]}],"startTime":1783695689306,"endTime":1783695689417.2993,"status":"failed","message":"","name":"D:/codegitee/educational-administration/admin-web/src/__tests__/RoleList.test.ts"},{"assertionResults":[{"ancestorTitles":["SalaryList.vue"],"fullName":"SalaryList.vue renders title","status":"passed","title":"renders title","duration":49.3752999999997,"failureMessages":[],"meta":{},"tags":[]},{"ancestorTitles":["SalaryList.vue"],"fullName":"SalaryList.vue renders buttons","status":"passed","title":"renders buttons","duration":11.21309999999994,"failureMessages":[],"meta":{},"tags":[]},{"ancestorTitles":["SalaryList.vue"],"fullName":"SalaryList.vue calls APIs","status":"passed","title":"calls APIs","duration":8.611099999999624,"failureMessages":[],"meta":{},"tags":[]}],"startTime":1783695693815,"endTime":1783695693884.611,"status":"passed","message":"","name":"D:/codegitee/educational-administration/admin-web/src/__tests__/SalaryList.test.ts"},{"assertionResults":[{"ancestorTitles":["ScheduleList.vue"],"fullName":"ScheduleList.vue renders title","status":"passed","title":"renders title","duration":98.3096999999998,"failureMessages":[],"meta":{},"tags":[]},{"ancestorTitles":["ScheduleList.vue"],"fullName":"ScheduleList.vue renders batch/add buttons","status":"passed","title":"renders batch/add buttons","duration":31.55279999999948,"failureMessages":[],"meta":{},"tags":[]},{"ancestorTitles":["ScheduleList.vue"],"fullName":"ScheduleList.vue calls list API","status":"passed","title":"calls list API","duration":33.5065999999988,"failureMessages":[],"meta":{},"tags":[]},{"ancestorTitles":["ScheduleList.vue"],"fullName":"ScheduleList.vue add opens dialog","status":"passed","title":"add opens dialog","duration":70.35679999999957,"failureMessages":[],"meta":{},"tags":[]}],"startTime":1783695689303,"endTime":1783695689537.3567,"status":"passed","message":"","name":"D:/codegitee/educational-administration/admin-web/src/__tests__/ScheduleList.test.ts"},{"assertionResults":[{"ancestorTitles":["StudentList.vue"],"fullName":"StudentList.vue renders title","status":"passed","title":"renders title","duration":144.38100000000122,"failureMessages":[],"meta":{},"tags":[]},{"ancestorTitles":["StudentList.vue"],"fullName":"StudentList.vue renders add button","status":"passed","title":"renders add button","duration":32.07090000000062,"failureMessages":[],"meta":{},"tags":[]},{"ancestorTitles":["StudentList.vue"],"fullName":"StudentList.vue calls list API","status":"passed","title":"calls list API","duration":9.10319999999956,"failureMessages":[],"meta":{},"tags":[]},{"ancestorTitles":["StudentList.vue"],"fullName":"StudentList.vue add opens dialog","status":"passed","title":"add opens dialog","duration":44.112999999999374,"failureMessages":[],"meta":{},"tags":[]}],"startTime":1783695689309,"endTime":1783695689539.113,"status":"passed","message":"","name":"D:/codegitee/educational-administration/admin-web/src/__tests__/StudentList.test.ts"},{"assertionResults":[{"ancestorTitles":["UserList.vue"],"fullName":"UserList.vue renders title","status":"passed","title":"renders title","duration":61.65890000000036,"failureMessages":[],"meta":{},"tags":[]},{"ancestorTitles":["UserList.vue"],"fullName":"UserList.vue renders add button","status":"passed","title":"renders add button","duration":11.601599999999962,"failureMessages":[],"meta":{},"tags":[]},{"ancestorTitles":["UserList.vue"],"fullName":"UserList.vue renders search/reset","status":"passed","title":"renders search/reset","duration":10.089799999999741,"failureMessages":[],"meta":{},"tags":[]},{"ancestorTitles":["UserList.vue"],"fullName":"UserList.vue calls list API","status":"passed","title":"calls list API","duration":9.013600000000224,"failureMessages":[],"meta":{},"tags":[]},{"ancestorTitles":["UserList.vue"],"fullName":"UserList.vue add opens dialog","status":"passed","title":"add opens dialog","duration":71.01070000000072,"failureMessages":[],"meta":{},"tags":[]}],"startTime":1783695689380,"endTime":1783695689544.0107,"status":"passed","message":"","name":"D:/codegitee/educational-administration/admin-web/src/__tests__/UserList.test.ts"}]}